<?xml version="1.0" encoding="UTF-8"?>
<testng-results total="1" passed="1" failed="0" skipped="0">
  <reporter-output>
  </reporter-output>
  <suite started-at="2022-03-06T14:01:37Z" name="Sample Test Amarnath" finished-at="2022-03-06T14:02:00Z" duration-ms="23349">
    <groups>
    </groups>
    <test started-at="2022-03-06T14:01:37Z" name="Amarnath Automation" finished-at="2022-03-06T14:02:00Z" duration-ms="23349">
      <class name="SampleTestPackage.SampleTest">
        <test-method is-config="true" signature="beforeTestMethos()[pri:0, instance:SampleTestPackage.SampleTest@385e9564]" started-at="2022-03-06T19:31:37Z" name="beforeTestMethos" finished-at="2022-03-06T19:31:37Z" duration-ms="187" status="PASS">
          <reporter-output>
          </reporter-output>
        </test-method> <!-- beforeTestMethos -->
        <test-method is-config="true" signature="beforeMethodMethod(java.lang.String, java.lang.reflect.Method)[pri:0, instance:SampleTestPackage.SampleTest@385e9564]" started-at="2022-03-06T19:31:37Z" name="beforeMethodMethod" finished-at="2022-03-06T19:31:58Z" duration-ms="20615" status="PASS">
          <params>
            <param index="0">
              <value>
                <![CDATA[chrome]]>
              </value>
            </param>
            <param index="1">
              <value>
                <![CDATA[public void SampleTestPackage.SampleTest.sampleMethodforEmailEntering()]]>
              </value>
            </param>
          </params>
          <reporter-output>
          </reporter-output>
        </test-method> <!-- beforeMethodMethod -->
        <test-method signature="sampleMethodforEmailEntering()[pri:0, instance:SampleTestPackage.SampleTest@385e9564]" started-at="2022-03-06T19:31:58Z" name="sampleMethodforEmailEntering" finished-at="2022-03-06T19:31:58Z" duration-ms="290" status="PASS">
          <reporter-output>
          </reporter-output>
        </test-method> <!-- sampleMethodforEmailEntering -->
        <test-method is-config="true" signature="afterTestMethod(org.testng.ITestResult)[pri:0, instance:SampleTestPackage.SampleTest@385e9564]" started-at="2022-03-06T19:31:58Z" name="afterTestMethod" finished-at="2022-03-06T19:32:00Z" duration-ms="1927" status="PASS">
          <params>
            <param index="0">
              <value>
                <![CDATA[[TestResult name=sampleMethodforEmailEntering status=SUCCESS method=SampleTest.sampleMethodforEmailEntering()[pri:0, instance:SampleTestPackage.SampleTest@385e9564] output={null}]]]>
              </value>
            </param>
          </params>
          <reporter-output>
          </reporter-output>
        </test-method> <!-- afterTestMethod -->
        <test-method is-config="true" signature="AfterMethodMethod()[pri:0, instance:SampleTestPackage.SampleTest@385e9564]" started-at="2022-03-06T19:32:00Z" name="AfterMethodMethod" finished-at="2022-03-06T19:32:00Z" duration-ms="329" status="PASS">
          <reporter-output>
          </reporter-output>
        </test-method> <!-- AfterMethodMethod -->
      </class> <!-- SampleTestPackage.SampleTest -->
    </test> <!-- Amarnath Automation -->
  </suite> <!-- Sample Test Amarnath -->
</testng-results>
